[23:12:16] [main/INFO]: Environment: authHost='https://authserver.mojang.com', accountsHost='https://api.mojang.com', sessionHost='https://sessionserver.mojang.com', name='PROD'
[23:12:17] [main/INFO]: Reloading ResourceManager: Default, bukkit
[23:12:17] [Worker-Main-14/INFO]: Loaded 7 recipes
[23:12:19] [Server thread/INFO]: Starting minecraft server version 1.16.3
[23:12:19] [Server thread/INFO]: Loading properties
[23:12:19] [Server thread/INFO]: This server is running CraftBukkit version git-Spigot-2740d5a-890130b (MC: 1.16.3) (Implementing API version 1.16.3-R0.1-SNAPSHOT)
[23:12:19] [Server thread/INFO]: Debug logging is disabled
[23:12:19] [Server thread/INFO]: Using 4 threads for Netty based IO
[23:12:19] [Server thread/INFO]: Server Ping Player Sample Count: 12
[23:12:19] [Server thread/INFO]: Default game type: CREATIVE
[23:12:19] [Server thread/INFO]: Generating keypair
[23:12:19] [Server thread/INFO]: Starting Minecraft server on *:25565
[23:12:19] [Server thread/INFO]: Using default channel type
[23:12:20] [Server thread/WARN]: Initializing Legacy Material Support. Unless you have legacy plugins and/or data this is a bug!
[23:12:22] [Server thread/WARN]: Legacy plugin SetSpawn v3.4 does not specify an api-version.
[23:12:22] [Server thread/WARN]: Legacy plugin RaspberryJuice v1.12.1 does not specify an api-version.
[23:12:22] [Server thread/INFO]: [SetSpawn] Loading SetSpawn v3.4
[23:12:22] [Server thread/INFO]: [RaspberryJuice] Loading RaspberryJuice v1.12.1
[23:12:22] [Server thread/INFO]: Preparing level "world"
[23:12:22] [Server thread/INFO]: -------- World Settings For [world] --------
[23:12:22] [Server thread/INFO]: Entity Tracking Range: Pl 48 / An 48 / Mo 48 / Mi 32 / Other 64
[23:12:22] [Server thread/INFO]: View Distance: 10
[23:12:22] [Server thread/INFO]: Item Despawn Rate: 6000
[23:12:22] [Server thread/INFO]: Item Merge Radius: 2.5
[23:12:22] [Server thread/INFO]: Allow Zombie Pigmen to spawn from portal blocks: true
[23:12:22] [Server thread/INFO]: Nerfing mobs spawned from spawners: false
[23:12:22] [Server thread/INFO]: Arrow Despawn Rate: 1200 Trident Respawn Rate:1200
[23:12:22] [Server thread/INFO]: Zombie Aggressive Towards Villager: true
[23:12:22] [Server thread/INFO]: Experience Merge Radius: 3.0
[23:12:22] [Server thread/INFO]: Mob Spawn Range: 6
[23:12:22] [Server thread/INFO]: Hopper Transfer: 8 Hopper Check: 1 Hopper Amount: 1
[23:12:22] [Server thread/INFO]: Entity Activation Range: An 32 / Mo 32 / Ra 48 / Mi 16 / Tiv true
[23:12:22] [Server thread/INFO]: Cactus Growth Modifier: 100%
[23:12:22] [Server thread/INFO]: Cane Growth Modifier: 100%
[23:12:22] [Server thread/INFO]: Melon Growth Modifier: 100%
[23:12:22] [Server thread/INFO]: Mushroom Growth Modifier: 100%
[23:12:22] [Server thread/INFO]: Pumpkin Growth Modifier: 100%
[23:12:22] [Server thread/INFO]: Sapling Growth Modifier: 100%
[23:12:22] [Server thread/INFO]: Beetroot Growth Modifier: 100%
[23:12:22] [Server thread/INFO]: Carrot Growth Modifier: 100%
[23:12:22] [Server thread/INFO]: Potato Growth Modifier: 100%
[23:12:22] [Server thread/INFO]: Wheat Growth Modifier: 100%
[23:12:22] [Server thread/INFO]: NetherWart Growth Modifier: 100%
[23:12:22] [Server thread/INFO]: Vine Growth Modifier: 100%
[23:12:22] [Server thread/INFO]: Cocoa Growth Modifier: 100%
[23:12:22] [Server thread/INFO]: Bamboo Growth Modifier: 100%
[23:12:22] [Server thread/INFO]: SweetBerry Growth Modifier: 100%
[23:12:22] [Server thread/INFO]: Kelp Growth Modifier: 100%
[23:12:22] [Server thread/INFO]: Custom Map Seeds:  Village: 10387312 Desert: 14357617 Igloo: 14357618 Jungle: 14357619 Swamp: 14357620 Monument: 10387313 Ocean: 14357621 Shipwreck: 165745295 End City: 10387313 Slime: 987234911 Bastion: 30084232 Fortress: 30084232 Mansion: 10387319 Fossil: 14357921 Portal: 34222645
[23:12:22] [Server thread/INFO]: Max TNT Explosions: 100
[23:12:22] [Server thread/INFO]: Tile Max Tick Time: 50ms Entity max Tick Time: 50ms
[23:12:22] [Server thread/INFO]: -------- World Settings For [world_nether] --------
[23:12:22] [Server thread/INFO]: Entity Tracking Range: Pl 48 / An 48 / Mo 48 / Mi 32 / Other 64
[23:12:22] [Server thread/INFO]: View Distance: 10
[23:12:22] [Server thread/INFO]: Item Despawn Rate: 6000
[23:12:22] [Server thread/INFO]: Item Merge Radius: 2.5
[23:12:22] [Server thread/INFO]: Allow Zombie Pigmen to spawn from portal blocks: true
[23:12:22] [Server thread/INFO]: Nerfing mobs spawned from spawners: false
[23:12:22] [Server thread/INFO]: Arrow Despawn Rate: 1200 Trident Respawn Rate:1200
[23:12:22] [Server thread/INFO]: Zombie Aggressive Towards Villager: true
[23:12:22] [Server thread/INFO]: Experience Merge Radius: 3.0
[23:12:22] [Server thread/INFO]: Mob Spawn Range: 6
[23:12:22] [Server thread/INFO]: Hopper Transfer: 8 Hopper Check: 1 Hopper Amount: 1
[23:12:22] [Server thread/INFO]: Entity Activation Range: An 32 / Mo 32 / Ra 48 / Mi 16 / Tiv true
[23:12:22] [Server thread/INFO]: Cactus Growth Modifier: 100%
[23:12:22] [Server thread/INFO]: Cane Growth Modifier: 100%
[23:12:22] [Server thread/INFO]: Melon Growth Modifier: 100%
[23:12:22] [Server thread/INFO]: Mushroom Growth Modifier: 100%
[23:12:22] [Server thread/INFO]: Pumpkin Growth Modifier: 100%
[23:12:22] [Server thread/INFO]: Sapling Growth Modifier: 100%
[23:12:22] [Server thread/INFO]: Beetroot Growth Modifier: 100%
[23:12:22] [Server thread/INFO]: Carrot Growth Modifier: 100%
[23:12:22] [Server thread/INFO]: Potato Growth Modifier: 100%
[23:12:22] [Server thread/INFO]: Wheat Growth Modifier: 100%
[23:12:22] [Server thread/INFO]: NetherWart Growth Modifier: 100%
[23:12:22] [Server thread/INFO]: Vine Growth Modifier: 100%
[23:12:22] [Server thread/INFO]: Cocoa Growth Modifier: 100%
[23:12:22] [Server thread/INFO]: Bamboo Growth Modifier: 100%
[23:12:22] [Server thread/INFO]: SweetBerry Growth Modifier: 100%
[23:12:22] [Server thread/INFO]: Kelp Growth Modifier: 100%
[23:12:22] [Server thread/INFO]: Custom Map Seeds:  Village: 10387312 Desert: 14357617 Igloo: 14357618 Jungle: 14357619 Swamp: 14357620 Monument: 10387313 Ocean: 14357621 Shipwreck: 165745295 End City: 10387313 Slime: 987234911 Bastion: 30084232 Fortress: 30084232 Mansion: 10387319 Fossil: 14357921 Portal: 34222645
[23:12:22] [Server thread/INFO]: Max TNT Explosions: 100
[23:12:22] [Server thread/INFO]: Tile Max Tick Time: 50ms Entity max Tick Time: 50ms
[23:12:22] [Server thread/INFO]: -------- World Settings For [world_the_end] --------
[23:12:22] [Server thread/INFO]: Entity Tracking Range: Pl 48 / An 48 / Mo 48 / Mi 32 / Other 64
[23:12:22] [Server thread/INFO]: View Distance: 10
[23:12:22] [Server thread/INFO]: Item Despawn Rate: 6000
[23:12:22] [Server thread/INFO]: Item Merge Radius: 2.5
[23:12:22] [Server thread/INFO]: Allow Zombie Pigmen to spawn from portal blocks: true
[23:12:22] [Server thread/INFO]: Nerfing mobs spawned from spawners: false
[23:12:22] [Server thread/INFO]: Arrow Despawn Rate: 1200 Trident Respawn Rate:1200
[23:12:22] [Server thread/INFO]: Zombie Aggressive Towards Villager: true
[23:12:22] [Server thread/INFO]: Experience Merge Radius: 3.0
[23:12:22] [Server thread/INFO]: Mob Spawn Range: 6
[23:12:22] [Server thread/INFO]: Hopper Transfer: 8 Hopper Check: 1 Hopper Amount: 1
[23:12:22] [Server thread/INFO]: Entity Activation Range: An 32 / Mo 32 / Ra 48 / Mi 16 / Tiv true
[23:12:22] [Server thread/INFO]: Cactus Growth Modifier: 100%
[23:12:22] [Server thread/INFO]: Cane Growth Modifier: 100%
[23:12:22] [Server thread/INFO]: Melon Growth Modifier: 100%
[23:12:22] [Server thread/INFO]: Mushroom Growth Modifier: 100%
[23:12:22] [Server thread/INFO]: Pumpkin Growth Modifier: 100%
[23:12:22] [Server thread/INFO]: Sapling Growth Modifier: 100%
[23:12:22] [Server thread/INFO]: Beetroot Growth Modifier: 100%
[23:12:22] [Server thread/INFO]: Carrot Growth Modifier: 100%
[23:12:22] [Server thread/INFO]: Potato Growth Modifier: 100%
[23:12:22] [Server thread/INFO]: Wheat Growth Modifier: 100%
[23:12:22] [Server thread/INFO]: NetherWart Growth Modifier: 100%
[23:12:22] [Server thread/INFO]: Vine Growth Modifier: 100%
[23:12:22] [Server thread/INFO]: Cocoa Growth Modifier: 100%
[23:12:22] [Server thread/INFO]: Bamboo Growth Modifier: 100%
[23:12:22] [Server thread/INFO]: SweetBerry Growth Modifier: 100%
[23:12:22] [Server thread/INFO]: Kelp Growth Modifier: 100%
[23:12:22] [Server thread/INFO]: Custom Map Seeds:  Village: 10387312 Desert: 14357617 Igloo: 14357618 Jungle: 14357619 Swamp: 14357620 Monument: 10387313 Ocean: 14357621 Shipwreck: 165745295 End City: 10387313 Slime: 987234911 Bastion: 30084232 Fortress: 30084232 Mansion: 10387319 Fossil: 14357921 Portal: 34222645
[23:12:22] [Server thread/INFO]: Max TNT Explosions: 100
[23:12:22] [Server thread/INFO]: Tile Max Tick Time: 50ms Entity max Tick Time: 50ms
[23:12:22] [Server thread/INFO]: Preparing start region for dimension minecraft:overworld
[23:12:23] [Server thread/INFO]: Preparing spawn area: 0%
[23:12:23] [Server thread/INFO]: Preparing spawn area: 0%
[23:12:24] [Worker-Main-11/INFO]: Preparing spawn area: 83%
[23:12:24] [Worker-Main-8/INFO]: Preparing spawn area: 83%
[23:12:24] [Worker-Main-13/INFO]: Preparing spawn area: 83%
[23:12:24] [Worker-Main-12/INFO]: Preparing spawn area: 96%
[23:12:25] [Server thread/INFO]: Time elapsed: 2698 ms
[23:12:25] [Server thread/INFO]: Preparing start region for dimension minecraft:the_nether
[23:12:25] [Server thread/INFO]: Preparing spawn area: 0%
[23:12:25] [Worker-Main-11/INFO]: Preparing spawn area: 83%
[23:12:26] [Worker-Main-11/INFO]: Preparing spawn area: 83%
[23:12:26] [Worker-Main-13/INFO]: Preparing spawn area: 86%
[23:12:27] [Worker-Main-13/INFO]: Preparing spawn area: 98%
[23:12:27] [Server thread/INFO]: Time elapsed: 2017 ms
[23:12:27] [Server thread/INFO]: Preparing start region for dimension minecraft:the_end
[23:12:27] [Server thread/INFO]: Preparing spawn area: 0%
[23:12:27] [Server thread/INFO]: Time elapsed: 443 ms
[23:12:27] [Server thread/INFO]: [SetSpawn] Enabling SetSpawn v3.4
[23:12:27] [Server thread/INFO]: [SetSpawn] Enabled!
[23:12:27] [Server thread/INFO]: [RaspberryJuice] Enabling RaspberryJuice v1.12.1
[23:12:27] [Server thread/INFO]: [RaspberryJuice] Using host:port - 0.0.0.0:4711
[23:12:27] [Server thread/INFO]: [RaspberryJuice] Using RELATIVE locations
[23:12:27] [Server thread/INFO]: [RaspberryJuice] Using RIGHT clicks for hits
[23:12:27] [Server thread/INFO]: [RaspberryJuice] ThreadListener Started
[23:12:27] [Server thread/INFO]: Server permissions file permissions.yml is empty, ignoring it
[23:12:27] [Server thread/INFO]: Done (5.421s)! For help, type "help"
[23:13:29] [User Authenticator #1/INFO]: UUID of player BigPhan is c73ca462-ed41-4e86-a134-09bcdd98e3b7
[23:13:29] [Server thread/INFO]: Welcome BigPhan[m
[23:13:29] [Server thread/INFO]: BigPhan[/127.0.0.1:63011] logged in with entity id 278 at ([world]163.42882946521033, 72.0, 34.72075533141514)
[23:13:38] [Thread-14/INFO]: [RaspberryJuice] Starting input thread
[23:13:38] [Thread-11/INFO]: [RaspberryJuice] Opened connection to/127.0.0.1:63021.
[23:13:38] [Thread-15/INFO]: [RaspberryJuice] Starting output thread!
[23:13:38] [Server thread/WARN]: [RaspberryJuice] Error occured handling command
[23:13:38] [Server thread/WARN]: java.lang.NumberFormatException: For input string: ""
[23:13:38] [Server thread/WARN]: 	at java.base/java.lang.NumberFormatException.forInputString(NumberFormatException.java:65)
[23:13:38] [Server thread/WARN]: 	at java.base/java.lang.Integer.parseInt(Integer.java:662)
[23:13:38] [Server thread/WARN]: 	at java.base/java.lang.Integer.parseInt(Integer.java:770)
[23:13:38] [Server thread/WARN]: 	at net.zhuoweizhang.raspberryjuice.RemoteSession.handleCommand(RemoteSession.java:475)
[23:13:38] [Server thread/WARN]: 	at net.zhuoweizhang.raspberryjuice.RemoteSession.handleLine(RemoteSession.java:163)
[23:13:38] [Server thread/WARN]: 	at net.zhuoweizhang.raspberryjuice.RemoteSession.tick(RemoteSession.java:143)
[23:13:38] [Server thread/WARN]: 	at net.zhuoweizhang.raspberryjuice.RaspberryJuicePlugin$TickHandler.run(RaspberryJuicePlugin.java:237)
[23:13:38] [Server thread/WARN]: 	at org.bukkit.craftbukkit.v1_16_R2.scheduler.CraftTask.run(CraftTask.java:81)
[23:13:38] [Server thread/WARN]: 	at org.bukkit.craftbukkit.v1_16_R2.scheduler.CraftScheduler.mainThreadHeartbeat(CraftScheduler.java:400)
[23:13:38] [Server thread/WARN]: 	at net.minecraft.server.v1_16_R2.MinecraftServer.b(MinecraftServer.java:1059)
[23:13:38] [Server thread/WARN]: 	at net.minecraft.server.v1_16_R2.DedicatedServer.b(DedicatedServer.java:349)
[23:13:38] [Server thread/WARN]: 	at net.minecraft.server.v1_16_R2.MinecraftServer.a(MinecraftServer.java:1007)
[23:13:38] [Server thread/WARN]: 	at net.minecraft.server.v1_16_R2.MinecraftServer.w(MinecraftServer.java:846)
[23:13:38] [Server thread/WARN]: 	at net.minecraft.server.v1_16_R2.MinecraftServer.lambda$0(MinecraftServer.java:164)
[23:13:38] [Server thread/WARN]: 	at java.base/java.lang.Thread.run(Thread.java:829)
[23:13:38] [Server thread/INFO]: [RaspberryJuice] Closed connection to/127.0.0.1:63021.
[23:14:04] [Thread-11/INFO]: [RaspberryJuice] Opened connection to/127.0.0.1:63062.
[23:14:04] [Thread-16/INFO]: [RaspberryJuice] Starting input thread
[23:14:04] [Thread-17/INFO]: [RaspberryJuice] Starting output thread!
[23:14:04] [Server thread/INFO]: [RaspberryJuice] Closed connection to/127.0.0.1:63062.
[23:17:14] [Thread-11/INFO]: [RaspberryJuice] Opened connection to/127.0.0.1:63148.
[23:17:14] [Thread-20/INFO]: [RaspberryJuice] Starting input thread
[23:17:14] [Thread-21/INFO]: [RaspberryJuice] Starting output thread!
[23:17:14] [Server thread/INFO]: [RaspberryJuice] Player [YOUR_AWESOME_USERNAME] not found.
[23:17:14] [Server thread/INFO]: [RaspberryJuice] Closed connection to/127.0.0.1:63148.
[23:17:21] [Thread-11/INFO]: [RaspberryJuice] Opened connection to/127.0.0.1:63151.
[23:17:21] [Thread-22/INFO]: [RaspberryJuice] Starting input thread
[23:17:21] [Thread-23/INFO]: [RaspberryJuice] Starting output thread!
[23:17:21] [Server thread/INFO]: [RaspberryJuice] Closed connection to/127.0.0.1:63151.
[23:17:32] [Thread-11/INFO]: [RaspberryJuice] Opened connection to/127.0.0.1:63154.
[23:17:32] [Thread-27/INFO]: [RaspberryJuice] Starting input thread
[23:17:32] [Thread-28/INFO]: [RaspberryJuice] Starting output thread!
[23:17:32] [Server thread/INFO]: [RaspberryJuice] Closed connection to/127.0.0.1:63154.
[23:17:53] [Thread-11/INFO]: [RaspberryJuice] Opened connection to/127.0.0.1:63161.
[23:17:53] [Thread-29/INFO]: [RaspberryJuice] Starting input thread
[23:17:53] [Thread-30/INFO]: [RaspberryJuice] Starting output thread!
[23:17:53] [Server thread/INFO]: [RaspberryJuice] Player [YOUR_AWESOME_USERNAME] not found.
[23:17:53] [Server thread/INFO]: [RaspberryJuice] Closed connection to/127.0.0.1:63161.
[23:17:58] [Thread-11/INFO]: [RaspberryJuice] Opened connection to/127.0.0.1:63166.
[23:17:58] [Thread-31/INFO]: [RaspberryJuice] Starting input thread
[23:17:58] [Thread-32/INFO]: [RaspberryJuice] Starting output thread!
[23:17:58] [Server thread/INFO]: [RaspberryJuice] Closed connection to/127.0.0.1:63166.
[23:18:08] [Thread-11/INFO]: [RaspberryJuice] Opened connection to/127.0.0.1:63169.
[23:18:08] [Thread-33/INFO]: [RaspberryJuice] Starting input thread
[23:18:08] [Thread-34/INFO]: [RaspberryJuice] Starting output thread!
[23:18:08] [Server thread/INFO]: [RaspberryJuice] Closed connection to/127.0.0.1:63169.
[23:18:28] [Thread-11/INFO]: [RaspberryJuice] Opened connection to/127.0.0.1:63174.
[23:18:28] [Thread-36/INFO]: [RaspberryJuice] Starting output thread!
[23:18:28] [Thread-35/INFO]: [RaspberryJuice] Starting input thread
[23:18:28] [Server thread/INFO]: [RaspberryJuice] Closed connection to/127.0.0.1:63174.
[23:18:39] [Thread-11/INFO]: [RaspberryJuice] Opened connection to/127.0.0.1:63182.
[23:18:39] [Thread-37/INFO]: [RaspberryJuice] Starting input thread
[23:18:39] [Thread-38/INFO]: [RaspberryJuice] Starting output thread!
[23:18:39] [Server thread/INFO]: [RaspberryJuice] Closed connection to/127.0.0.1:63182.
[23:19:04] [Thread-11/INFO]: [RaspberryJuice] Opened connection to/127.0.0.1:63207.
[23:19:04] [Thread-39/INFO]: [RaspberryJuice] Starting input thread
[23:19:04] [Thread-40/INFO]: [RaspberryJuice] Starting output thread!
[23:19:04] [Server thread/INFO]: [RaspberryJuice] Closed connection to/127.0.0.1:63207.
[23:19:32] [Thread-11/INFO]: [RaspberryJuice] Opened connection to/127.0.0.1:63227.
[23:19:32] [Thread-41/INFO]: [RaspberryJuice] Starting input thread
[23:19:32] [Thread-42/INFO]: [RaspberryJuice] Starting output thread!
[23:19:32] [Server thread/INFO]: Hello Minecraft Server![m
[23:19:32] [Server thread/INFO]: [RaspberryJuice] Closed connection to/127.0.0.1:63227.
[23:19:52] [Thread-11/INFO]: [RaspberryJuice] Opened connection to/127.0.0.1:63232.
[23:19:52] [Thread-44/INFO]: [RaspberryJuice] Starting output thread!
[23:19:52] [Thread-43/INFO]: [RaspberryJuice] Starting input thread
[23:19:52] [Server thread/INFO]: [RaspberryJuice] Closed connection to/127.0.0.1:63232.
[23:20:18] [Thread-11/INFO]: [RaspberryJuice] Opened connection to/127.0.0.1:63241.
[23:20:18] [Thread-45/INFO]: [RaspberryJuice] Starting input thread
[23:20:18] [Thread-46/INFO]: [RaspberryJuice] Starting output thread!
[23:20:18] [Server thread/INFO]: [RaspberryJuice] Player [YOUR_AWESOME_USERNAME] not found.
[23:20:18] [Server thread/INFO]: [RaspberryJuice] Closed connection to/127.0.0.1:63241.
[23:20:24] [Thread-11/INFO]: [RaspberryJuice] Opened connection to/127.0.0.1:63250.
[23:20:24] [Thread-47/INFO]: [RaspberryJuice] Starting input thread
[23:20:24] [Thread-48/INFO]: [RaspberryJuice] Starting output thread!
[23:20:24] [Server thread/INFO]: [RaspberryJuice] Closed connection to/127.0.0.1:63250.
[23:20:48] [Server thread/INFO]: BigPhan lost connection: Disconnected
[23:20:48] [Server thread/INFO]: BigPhan left the game
[23:20:50] [Server thread/INFO]: Stopping server
[23:20:50] [Server thread/INFO]: [RaspberryJuice] Disabling RaspberryJuice v1.12.1
[23:20:50] [Server thread/INFO]: [RaspberryJuice] Raspberry Juice Stopped
[23:20:50] [Server thread/INFO]: [SetSpawn] Disabling SetSpawn v3.4
[23:20:50] [Server thread/INFO]: [SetSpawn] Disabled!
[23:20:50] [Server thread/INFO]: Saving players
[23:20:50] [Server thread/INFO]: Saving worlds
[23:20:50] [Server thread/INFO]: Saving chunks for level 'ServerLevel[world]'/minecraft:overworld
[23:20:51] [Server thread/INFO]: ThreadedAnvilChunkStorage (world): All chunks are saved
[23:20:51] [Server thread/INFO]: Saving chunks for level 'ServerLevel[world_nether]'/minecraft:the_nether
[23:20:51] [Server thread/INFO]: ThreadedAnvilChunkStorage (DIM-1): All chunks are saved
[23:20:51] [Server thread/INFO]: Saving chunks for level 'ServerLevel[world_the_end]'/minecraft:the_end
[23:20:51] [Server thread/INFO]: ThreadedAnvilChunkStorage (DIM1): All chunks are saved
[23:20:51] [Server thread/INFO]: ThreadedAnvilChunkStorage (world): All chunks are saved
[23:20:51] [Server thread/INFO]: ThreadedAnvilChunkStorage (DIM-1): All chunks are saved
[23:20:51] [Server thread/INFO]: ThreadedAnvilChunkStorage (DIM1): All chunks are saved
